


ARM Macro Assembler    Page 1 


    1 00000000         #line   1                "..\\..\\..\\..\\startup_code\\
keil_startup_lpc175x_6x.s"
    1 00000000         ;
    2 00000000         
    3 00000000         
    4 00000000         
    5 00000000         
    6 00000000         
    7 00000000         
    8 00000000         
    9 00000000         
   10 00000000         
   11 00000000         
   12 00000000         
   13 00000000         
   14 00000000         
   15 00000000         
   16 00000000         
   17 00000000         
   18 00000000         
   19 00000000         
   20 00000000         
   21 00000000         
   22 00000000         ; <h> Stack Configuration
   23 00000000         ;   <o> Stack Size (in Bytes) <0x0-0xFFFFFFFF:8>
   24 00000000         ; </h>
   25 00000000         
   26 00000000 00000800 
                       Stack_Size
                               EQU              0x00000800
   27 00000000         
   28 00000000                 AREA             STACK, NOINIT, READWRITE, ALIGN
=3
   29 00000000         Stack_Mem
                               SPACE            Stack_Size
   30 00000800         __initial_sp
   31 00000800         
   32 00000800         ; <h> Heap Configuration
   33 00000800         ;   <o>  Heap Size (in Bytes) <0x0-0xFFFFFFFF:8>
   34 00000800         ; </h>
   35 00000800         
   36 00000800 00000100 
                       Heap_Size
                               EQU              0x00000100
   37 00000800         
   38 00000800                 AREA             HEAP, NOINIT, READWRITE, ALIGN=
3
   39 00000000         __heap_base
   40 00000000         Heap_Mem
                               SPACE            Heap_Size
   41 00000100         __heap_limit
   42 00000100         
   43 00000100                 PRESERVE8
   44 00000100                 THUMB
   45 00000100         
   46 00000100         ; Vector Table Mapped to Address 0 at Reset
   47 00000100         
   48 00000100                 AREA             RESET, DATA, READONLY
   49 00000000                 EXPORT           __Vectors



ARM Macro Assembler    Page 2 


   50 00000000         
   51 00000000 5A5A5A5A 
                       Sign_Value
                               EQU              0x5A5A5A5A
   52 00000000         
   53 00000000 00000000 
                       __Vectors
                               DCD              __initial_sp ; 0 Top of Stack
   54 00000004 00000000        DCD              Reset_Handler ; 1 Reset Handler
                                                            
   55 00000008 00000000        DCD              NMI_Handler ; 2 NMI Handler
   56 0000000C 00000000        DCD              HardFault_Handler ; 3 Hard Faul
                                                            t Handler
   57 00000010 00000000        DCD              MemManage_Handler ; 4 MPU Fault
                                                             Handler
   58 00000014 00000000        DCD              BusFault_Handler ; 5 Bus Fault 
                                                            Handler
   59 00000018 00000000        DCD              UsageFault_Handler ; 6 Usage Fa
                                                            ult Handler
   60 0000001C 5A5A5A5A        DCD              Sign_Value  ; 7 Reserved
   61 00000020 00000000        DCD              UnHandled_Vector ; 8 Reserved
   62 00000024 00000000        DCD              UnHandled_Vector ; 9 Reserved
   63 00000028 00000000        DCD              UnHandled_Vector ; 10 Reserved
   64 0000002C 00000000        DCD              SVC_Handler ; 11 SVCall Handler
                                                            
   65 00000030 00000000        DCD              DebugMon_Handler ; 12 Debug Mon
                                                            itor Handler
   66 00000034 00000000        DCD              UnHandled_Vector ; 13 Reserved
   67 00000038 00000000        DCD              PendSV_Handler 
                                                            ; 14 PendSV Handler
                                                            
   68 0000003C 00000000        DCD              SysTick_Handler ; 15 SysTick Ha
                                                            ndler
   69 00000040         
   70 00000040         ; External Interrupts    
   71 00000040         
   72 00000040 00000000        DCD              WDT_IRQHandler 
                                                            ; 16 Watchdog Timer
                                                            
   73 00000044 00000000        DCD              TIMER0_IRQHandler ; 17 Timer0
   74 00000048 00000000        DCD              TIMER1_IRQHandler ; 18 Timer1
   75 0000004C 00000000        DCD              TIMER2_IRQHandler ; 19 Timer2
   76 00000050 00000000        DCD              TIMER3_IRQHandler ; 20 Timer3
   77 00000054 00000000        DCD              UART0_IRQHandler ; 21 UART0
   78 00000058 00000000        DCD              UART1_IRQHandler ; 22 UART1
   79 0000005C 00000000        DCD              UART2_IRQHandler ; 23 UART2
   80 00000060 00000000        DCD              UART3_IRQHandler ; 24 UART3
   81 00000064 00000000        DCD              PWM1_IRQHandler ; 25 PWM1
   82 00000068 00000000        DCD              I2C0_IRQHandler ; 26 I2C0
   83 0000006C 00000000        DCD              I2C1_IRQHandler ; 27 I2C1
   84 00000070 00000000        DCD              I2C2_IRQHandler ; 28 I2C2
   85 00000074 00000000        DCD              SPI_IRQHandler ; 29 SPI (only o
                                                            n the 175x/6x, rese
                                                            rved on other devic
                                                            es)
   86 00000078 00000000        DCD              SSP0_IRQHandler ; 30 SSP0
   87 0000007C 00000000        DCD              SSP1_IRQHandler ; 31 SSP1
   88 00000080 00000000        DCD              PLL0_IRQHandler ; 32 PLL0 Lock 
                                                            (Main PLL)



ARM Macro Assembler    Page 3 


   89 00000084 00000000        DCD              RTC_IRQHandler ; 33 RTC
   90 00000088 00000000        DCD              EINT0_IRQHandler ; 34 External 
                                                            Interrupt 0
   91 0000008C 00000000        DCD              EINT1_IRQHandler ; 35 External 
                                                            Interrupt 1
   92 00000090 00000000        DCD              EINT2_IRQHandler ; 36 External 
                                                            Interrupt 2
   93 00000094 00000000        DCD              EINT3_IRQHandler ; 37 External 
                                                            Interrupt 3
   94 00000098 00000000        DCD              ADC_IRQHandler 
                                                            ; 38 A/D Converter
   95 0000009C 00000000        DCD              BOD_IRQHandler ; 39 Brown-Out D
                                                            etect
   96 000000A0 00000000        DCD              USB_IRQHandler ; 40 USB
   97 000000A4 00000000        DCD              CAN_IRQHandler ; 41 CAN
   98 000000A8 00000000        DCD              DMA_IRQHandler ; 42 General Pur
                                                            pose DMA
   99 000000AC 00000000        DCD              I2S_IRQHandler ; 43 I2S
  100 000000B0 00000000        DCD              ETH_IRQHandler ; 44 Ethernet
  101 000000B4 00000000        DCD              RIT_IRQHandler ; 45 RITIMER
  102 000000B8 00000000        DCD              MCPWM_IRQHandler ; 46 Motor Con
                                                            trol PWM
  103 000000BC 00000000        DCD              QEI_IRQHandler ; 47 QEI
  104 000000C0 00000000        DCD              PLL1_IRQHandler ; 48 PLL1 Lock 
                                                            (USB PLL)
  105 000000C4 00000000        DCD              USBActivity_IRQHandler ; 49 USB
                                                             Activity interrupt
                                                             to wakeup
  106 000000C8 00000000        DCD              CANActivity_IRQHandler ; 50 CAN
                                                             Activity interrupt
                                                             to wakeup
  107 000000CC         
  108 000000CC         ;                IF      :LNOT::DEF:NO_CRP
  109 000000CC         ;                AREA    |.ARM.__at_0x02FC|, CODE, READO
                       NLY
  110 000000CC         ;CRP_Key         DCD     0xFFFFFFFF
  111 000000CC         ;                ENDIF
  112 000000CC         
  113 000000CC                 AREA             |.text|, CODE, READONLY
  114 00000000         
  115 00000000         ; Reset Handler
  116 00000000         
  117 00000000         Reset_Handler
                               PROC
  118 00000000                 EXPORT           Reset_Handler             [WEAK
]
  119 00000000                 IMPORT           __main
  120 00000000                 IMPORT           SystemInit
  121 00000000 480A            LDR              R0, =SystemInit
  122 00000002 4780            BLX              R0
  123 00000004 480A            LDR              R0, =__main
  124 00000006 4700            BX               R0
  125 00000008                 ENDP
  126 00000008         
  127 00000008         ; Dummy Exception Handlers (infinite loops which can be 
                       modified)
  128 00000008         
  129 00000008         NMI_Handler
                               PROC



ARM Macro Assembler    Page 4 


  130 00000008                 EXPORT           NMI_Handler               [WEAK
]
  131 00000008 E7FE            B                .
  132 0000000A                 ENDP
  133 0000000A         HardFault_Handler
                               PROC
  134 0000000A         
  135 0000000A                 EXPORT           HardFault_Handler         [WEAK
]
  136 0000000A E7FE            B                .
  137 0000000C                 ENDP
  138 0000000C         MemManage_Handler
                               PROC
  139 0000000C         
  140 0000000C                 EXPORT           MemManage_Handler         [WEAK
]
  141 0000000C E7FE            B                .
  142 0000000E                 ENDP
  143 0000000E         BusFault_Handler
                               PROC
  144 0000000E         
  145 0000000E                 EXPORT           BusFault_Handler          [WEAK
]
  146 0000000E E7FE            B                .
  147 00000010                 ENDP
  148 00000010         UsageFault_Handler
                               PROC
  149 00000010         
  150 00000010                 EXPORT           UsageFault_Handler        [WEAK
]
  151 00000010 E7FE            B                .
  152 00000012                 ENDP
  153 00000012         SVC_Handler
                               PROC
  154 00000012                 EXPORT           SVC_Handler               [WEAK
]
  155 00000012 E7FE            B                .
  156 00000014                 ENDP
  157 00000014         DebugMon_Handler
                               PROC
  158 00000014         
  159 00000014                 EXPORT           DebugMon_Handler          [WEAK
]
  160 00000014 E7FE            B                .
  161 00000016                 ENDP
  162 00000016         PendSV_Handler
                               PROC
  163 00000016                 EXPORT           PendSV_Handler            [WEAK
]
  164 00000016 E7FE            B                .
  165 00000018                 ENDP
  166 00000018         SysTick_Handler
                               PROC
  167 00000018                 EXPORT           SysTick_Handler           [WEAK
]
  168 00000018 E7FE            B                .
  169 0000001A                 ENDP
  170 0000001A         UnHandled_Vector
                               PROC



ARM Macro Assembler    Page 5 


  171 0000001A                 EXPORT           UnHandled_Vector          [WEAK
]
  172 0000001A E7FE            B                .
  173 0000001C                 ENDP
  174 0000001C         
  175 0000001C         Default_Handler
                               PROC
  176 0000001C         
  177 0000001C                 EXPORT           WDT_IRQHandler            [WEAK
]
  178 0000001C                 EXPORT           TIMER0_IRQHandler         [WEAK
]
  179 0000001C                 EXPORT           TIMER1_IRQHandler         [WEAK
]
  180 0000001C                 EXPORT           TIMER2_IRQHandler         [WEAK
]
  181 0000001C                 EXPORT           TIMER3_IRQHandler         [WEAK
]
  182 0000001C                 EXPORT           UART0_IRQHandler          [WEAK
]
  183 0000001C                 EXPORT           UART1_IRQHandler          [WEAK
]
  184 0000001C                 EXPORT           UART2_IRQHandler          [WEAK
]
  185 0000001C                 EXPORT           UART3_IRQHandler          [WEAK
]
  186 0000001C                 EXPORT           PWM1_IRQHandler           [WEAK
]
  187 0000001C                 EXPORT           I2C0_IRQHandler           [WEAK
]
  188 0000001C                 EXPORT           I2C1_IRQHandler           [WEAK
]
  189 0000001C                 EXPORT           I2C2_IRQHandler           [WEAK
]
  190 0000001C                 EXPORT           SPI_IRQHandler            [WEAK
]
  191 0000001C                 EXPORT           SSP0_IRQHandler           [WEAK
]
  192 0000001C                 EXPORT           SSP1_IRQHandler           [WEAK
]
  193 0000001C                 EXPORT           PLL0_IRQHandler           [WEAK
]
  194 0000001C                 EXPORT           RTC_IRQHandler            [WEAK
]
  195 0000001C                 EXPORT           EINT0_IRQHandler          [WEAK
]
  196 0000001C                 EXPORT           EINT1_IRQHandler          [WEAK
]
  197 0000001C                 EXPORT           EINT2_IRQHandler          [WEAK
]
  198 0000001C                 EXPORT           EINT3_IRQHandler          [WEAK
]
  199 0000001C                 EXPORT           ADC_IRQHandler            [WEAK
]
  200 0000001C                 EXPORT           BOD_IRQHandler            [WEAK
]
  201 0000001C                 EXPORT           USB_IRQHandler            [WEAK
]
  202 0000001C                 EXPORT           CAN_IRQHandler            [WEAK



ARM Macro Assembler    Page 6 


]
  203 0000001C                 EXPORT           DMA_IRQHandler            [WEAK
]
  204 0000001C                 EXPORT           I2S_IRQHandler            [WEAK
]
  205 0000001C                 EXPORT           ETH_IRQHandler            [WEAK
]
  206 0000001C                 EXPORT           RIT_IRQHandler            [WEAK
]
  207 0000001C                 EXPORT           MCPWM_IRQHandler          [WEAK
]
  208 0000001C                 EXPORT           QEI_IRQHandler            [WEAK
]
  209 0000001C                 EXPORT           PLL1_IRQHandler           [WEAK
]
  210 0000001C                 EXPORT           USBActivity_IRQHandler    [WEAK
]
  211 0000001C                 EXPORT           CANActivity_IRQHandler    [WEAK
]
  212 0000001C         WDT_IRQHandler
  213 0000001C         TIMER0_IRQHandler
  214 0000001C         TIMER1_IRQHandler
  215 0000001C         TIMER2_IRQHandler
  216 0000001C         TIMER3_IRQHandler
  217 0000001C         UART0_IRQHandler
  218 0000001C         UART1_IRQHandler
  219 0000001C         UART2_IRQHandler
  220 0000001C         UART3_IRQHandler
  221 0000001C         PWM1_IRQHandler
  222 0000001C         I2C0_IRQHandler
  223 0000001C         I2C1_IRQHandler
  224 0000001C         I2C2_IRQHandler
  225 0000001C         SPI_IRQHandler
  226 0000001C         SSP0_IRQHandler
  227 0000001C         SSP1_IRQHandler
  228 0000001C         PLL0_IRQHandler
  229 0000001C         RTC_IRQHandler
  230 0000001C         EINT0_IRQHandler
  231 0000001C         EINT1_IRQHandler
  232 0000001C         EINT2_IRQHandler
  233 0000001C         EINT3_IRQHandler
  234 0000001C         ADC_IRQHandler
  235 0000001C         BOD_IRQHandler
  236 0000001C         USB_IRQHandler
  237 0000001C         CAN_IRQHandler
  238 0000001C         DMA_IRQHandler
  239 0000001C         I2S_IRQHandler
  240 0000001C         ETH_IRQHandler
  241 0000001C         RIT_IRQHandler
  242 0000001C         MCPWM_IRQHandler
  243 0000001C         QEI_IRQHandler
  244 0000001C         PLL1_IRQHandler
  245 0000001C         USBActivity_IRQHandler
  246 0000001C         CANActivity_IRQHandler
  247 0000001C         
  248 0000001C E7FE            B                .
  249 0000001E         
  250 0000001E                 ENDP
  251 0000001E         



ARM Macro Assembler    Page 7 


  252 0000001E 00 00           ALIGN
  253 00000020         
  254 00000020         ; User Initial Stack & Heap
  255 00000020         
  256 00000020                 IF               :DEF:__MICROLIB
  263 00000020         
  264 00000020                 IMPORT           __use_two_region_memory
  265 00000020                 EXPORT           __user_initial_stackheap
  266 00000020         __user_initial_stackheap
  267 00000020         
  268 00000020 4804            LDR              R0, =  Heap_Mem
  269 00000022 4905            LDR              R1, =(Stack_Mem + Stack_Size)
  270 00000024 4A05            LDR              R2, = (Heap_Mem +  Heap_Size)
  271 00000026 4B06            LDR              R3, = Stack_Mem
  272 00000028 4770            BX               LR
  273 0000002A         
  274 0000002A 00 00           ALIGN
  275 0000002C         
  276 0000002C                 ENDIF
  277 0000002C         
  278 0000002C                 END
              00000000 
              00000000 
              00000000 
              00000800 
              00000100 
              00000000 
Command Line: --debug --xref --cpreproc --diag_suppress=9931 --cpu=Cortex-M3 --
apcs=interwork --depend=.\keil_output\iflash_nxp_lpcxpresso_1769\keil_startup_l
pc175x_6x.d -o.\keil_output\iflash_nxp_lpcxpresso_1769\keil_startup_lpc175x_6x.
o -I..\..\..\..\..\..\software\lpc_core\lpc_chip\chip_17xx_40xx\config_175x_6x 
-I..\..\..\..\..\..\software\lpc_core\lpc_board\boards_17xx\nxp_lpcxpresso_1769
 -IC:\Keil_v5\ARM\RV31\INC -IC:\Keil_v5\ARM\CMSIS\Include -IC:\Keil_v5\ARM\INC\
NXP\LPC17xx --predefine="__UVISION_VERSION SETA 524" --predefine="CORE_M3 SETA 
1" --list=.\keil_output\iflash_nxp_lpcxpresso_1769\keil_startup_lpc175x_6x.lst 
..\..\..\..\startup_code\keil_startup_lpc175x_6x.s



ARM Macro Assembler    Page 1 Alphabetic symbol ordering
Relocatable symbols

STACK 00000000

Symbol: STACK
   Definitions
      At line 28 in file ..\\..\\..\\..\\startup_code\\keil_startup_lpc175x_6x.
s
   Uses
      None
Comment: STACK unused
Stack_Mem 00000000

Symbol: Stack_Mem
   Definitions
      At line 29 in file ..\\..\\..\\..\\startup_code\\keil_startup_lpc175x_6x.
s
   Uses
      At line 269 in file ..\\..\\..\\..\\startup_code\\keil_startup_lpc175x_6x
.s
      At line 271 in file ..\\..\\..\\..\\startup_code\\keil_startup_lpc175x_6x
.s

__initial_sp 00000800

Symbol: __initial_sp
   Definitions
      At line 30 in file ..\\..\\..\\..\\startup_code\\keil_startup_lpc175x_6x.
s
   Uses
      At line 53 in file ..\\..\\..\\..\\startup_code\\keil_startup_lpc175x_6x.
s
Comment: __initial_sp used once
3 symbols



ARM Macro Assembler    Page 1 Alphabetic symbol ordering
Relocatable symbols

HEAP 00000000

Symbol: HEAP
   Definitions
      At line 38 in file ..\\..\\..\\..\\startup_code\\keil_startup_lpc175x_6x.
s
   Uses
      None
Comment: HEAP unused
Heap_Mem 00000000

Symbol: Heap_Mem
   Definitions
      At line 40 in file ..\\..\\..\\..\\startup_code\\keil_startup_lpc175x_6x.
s
   Uses
      At line 268 in file ..\\..\\..\\..\\startup_code\\keil_startup_lpc175x_6x
.s
      At line 270 in file ..\\..\\..\\..\\startup_code\\keil_startup_lpc175x_6x
.s

__heap_base 00000000

Symbol: __heap_base
   Definitions
      At line 39 in file ..\\..\\..\\..\\startup_code\\keil_startup_lpc175x_6x.
s
   Uses
      None
Comment: __heap_base unused
__heap_limit 00000100

Symbol: __heap_limit
   Definitions
      At line 41 in file ..\\..\\..\\..\\startup_code\\keil_startup_lpc175x_6x.
s
   Uses
      None
Comment: __heap_limit unused
4 symbols



ARM Macro Assembler    Page 1 Alphabetic symbol ordering
Relocatable symbols

RESET 00000000

Symbol: RESET
   Definitions
      At line 48 in file ..\\..\\..\\..\\startup_code\\keil_startup_lpc175x_6x.
s
   Uses
      None
Comment: RESET unused
__Vectors 00000000

Symbol: __Vectors
   Definitions
      At line 53 in file ..\\..\\..\\..\\startup_code\\keil_startup_lpc175x_6x.
s
   Uses
      At line 49 in file ..\\..\\..\\..\\startup_code\\keil_startup_lpc175x_6x.
s
Comment: __Vectors used once
2 symbols



ARM Macro Assembler    Page 1 Alphabetic symbol ordering
Relocatable symbols

.text 00000000

Symbol: .text
   Definitions
      At line 113 in file ..\\..\\..\\..\\startup_code\\keil_startup_lpc175x_6x
.s
   Uses
      None
Comment: .text unused
ADC_IRQHandler 0000001C

Symbol: ADC_IRQHandler
   Definitions
      At line 234 in file ..\\..\\..\\..\\startup_code\\keil_startup_lpc175x_6x
.s
   Uses
      At line 94 in file ..\\..\\..\\..\\startup_code\\keil_startup_lpc175x_6x.
s
      At line 199 in file ..\\..\\..\\..\\startup_code\\keil_startup_lpc175x_6x
.s

BOD_IRQHandler 0000001C

Symbol: BOD_IRQHandler
   Definitions
      At line 235 in file ..\\..\\..\\..\\startup_code\\keil_startup_lpc175x_6x
.s
   Uses
      At line 95 in file ..\\..\\..\\..\\startup_code\\keil_startup_lpc175x_6x.
s
      At line 200 in file ..\\..\\..\\..\\startup_code\\keil_startup_lpc175x_6x
.s

BusFault_Handler 0000000E

Symbol: BusFault_Handler
   Definitions
      At line 143 in file ..\\..\\..\\..\\startup_code\\keil_startup_lpc175x_6x
.s
   Uses
      At line 58 in file ..\\..\\..\\..\\startup_code\\keil_startup_lpc175x_6x.
s
      At line 145 in file ..\\..\\..\\..\\startup_code\\keil_startup_lpc175x_6x
.s

CANActivity_IRQHandler 0000001C

Symbol: CANActivity_IRQHandler
   Definitions
      At line 246 in file ..\\..\\..\\..\\startup_code\\keil_startup_lpc175x_6x
.s
   Uses
      At line 106 in file ..\\..\\..\\..\\startup_code\\keil_startup_lpc175x_6x
.s
      At line 211 in file ..\\..\\..\\..\\startup_code\\keil_startup_lpc175x_6x
.s

CAN_IRQHandler 0000001C




ARM Macro Assembler    Page 2 Alphabetic symbol ordering
Relocatable symbols

Symbol: CAN_IRQHandler
   Definitions
      At line 237 in file ..\\..\\..\\..\\startup_code\\keil_startup_lpc175x_6x
.s
   Uses
      At line 97 in file ..\\..\\..\\..\\startup_code\\keil_startup_lpc175x_6x.
s
      At line 202 in file ..\\..\\..\\..\\startup_code\\keil_startup_lpc175x_6x
.s

DMA_IRQHandler 0000001C

Symbol: DMA_IRQHandler
   Definitions
      At line 238 in file ..\\..\\..\\..\\startup_code\\keil_startup_lpc175x_6x
.s
   Uses
      At line 98 in file ..\\..\\..\\..\\startup_code\\keil_startup_lpc175x_6x.
s
      At line 203 in file ..\\..\\..\\..\\startup_code\\keil_startup_lpc175x_6x
.s

DebugMon_Handler 00000014

Symbol: DebugMon_Handler
   Definitions
      At line 157 in file ..\\..\\..\\..\\startup_code\\keil_startup_lpc175x_6x
.s
   Uses
      At line 65 in file ..\\..\\..\\..\\startup_code\\keil_startup_lpc175x_6x.
s
      At line 159 in file ..\\..\\..\\..\\startup_code\\keil_startup_lpc175x_6x
.s

Default_Handler 0000001C

Symbol: Default_Handler
   Definitions
      At line 175 in file ..\\..\\..\\..\\startup_code\\keil_startup_lpc175x_6x
.s
   Uses
      None
Comment: Default_Handler unused
EINT0_IRQHandler 0000001C

Symbol: EINT0_IRQHandler
   Definitions
      At line 230 in file ..\\..\\..\\..\\startup_code\\keil_startup_lpc175x_6x
.s
   Uses
      At line 90 in file ..\\..\\..\\..\\startup_code\\keil_startup_lpc175x_6x.
s
      At line 195 in file ..\\..\\..\\..\\startup_code\\keil_startup_lpc175x_6x
.s

EINT1_IRQHandler 0000001C

Symbol: EINT1_IRQHandler
   Definitions



ARM Macro Assembler    Page 3 Alphabetic symbol ordering
Relocatable symbols

      At line 231 in file ..\\..\\..\\..\\startup_code\\keil_startup_lpc175x_6x
.s
   Uses
      At line 91 in file ..\\..\\..\\..\\startup_code\\keil_startup_lpc175x_6x.
s
      At line 196 in file ..\\..\\..\\..\\startup_code\\keil_startup_lpc175x_6x
.s

EINT2_IRQHandler 0000001C

Symbol: EINT2_IRQHandler
   Definitions
      At line 232 in file ..\\..\\..\\..\\startup_code\\keil_startup_lpc175x_6x
.s
   Uses
      At line 92 in file ..\\..\\..\\..\\startup_code\\keil_startup_lpc175x_6x.
s
      At line 197 in file ..\\..\\..\\..\\startup_code\\keil_startup_lpc175x_6x
.s

EINT3_IRQHandler 0000001C

Symbol: EINT3_IRQHandler
   Definitions
      At line 233 in file ..\\..\\..\\..\\startup_code\\keil_startup_lpc175x_6x
.s
   Uses
      At line 93 in file ..\\..\\..\\..\\startup_code\\keil_startup_lpc175x_6x.
s
      At line 198 in file ..\\..\\..\\..\\startup_code\\keil_startup_lpc175x_6x
.s

ETH_IRQHandler 0000001C

Symbol: ETH_IRQHandler
   Definitions
      At line 240 in file ..\\..\\..\\..\\startup_code\\keil_startup_lpc175x_6x
.s
   Uses
      At line 100 in file ..\\..\\..\\..\\startup_code\\keil_startup_lpc175x_6x
.s
      At line 205 in file ..\\..\\..\\..\\startup_code\\keil_startup_lpc175x_6x
.s

HardFault_Handler 0000000A

Symbol: HardFault_Handler
   Definitions
      At line 133 in file ..\\..\\..\\..\\startup_code\\keil_startup_lpc175x_6x
.s
   Uses
      At line 56 in file ..\\..\\..\\..\\startup_code\\keil_startup_lpc175x_6x.
s
      At line 135 in file ..\\..\\..\\..\\startup_code\\keil_startup_lpc175x_6x
.s

I2C0_IRQHandler 0000001C

Symbol: I2C0_IRQHandler



ARM Macro Assembler    Page 4 Alphabetic symbol ordering
Relocatable symbols

   Definitions
      At line 222 in file ..\\..\\..\\..\\startup_code\\keil_startup_lpc175x_6x
.s
   Uses
      At line 82 in file ..\\..\\..\\..\\startup_code\\keil_startup_lpc175x_6x.
s
      At line 187 in file ..\\..\\..\\..\\startup_code\\keil_startup_lpc175x_6x
.s

I2C1_IRQHandler 0000001C

Symbol: I2C1_IRQHandler
   Definitions
      At line 223 in file ..\\..\\..\\..\\startup_code\\keil_startup_lpc175x_6x
.s
   Uses
      At line 83 in file ..\\..\\..\\..\\startup_code\\keil_startup_lpc175x_6x.
s
      At line 188 in file ..\\..\\..\\..\\startup_code\\keil_startup_lpc175x_6x
.s

I2C2_IRQHandler 0000001C

Symbol: I2C2_IRQHandler
   Definitions
      At line 224 in file ..\\..\\..\\..\\startup_code\\keil_startup_lpc175x_6x
.s
   Uses
      At line 84 in file ..\\..\\..\\..\\startup_code\\keil_startup_lpc175x_6x.
s
      At line 189 in file ..\\..\\..\\..\\startup_code\\keil_startup_lpc175x_6x
.s

I2S_IRQHandler 0000001C

Symbol: I2S_IRQHandler
   Definitions
      At line 239 in file ..\\..\\..\\..\\startup_code\\keil_startup_lpc175x_6x
.s
   Uses
      At line 99 in file ..\\..\\..\\..\\startup_code\\keil_startup_lpc175x_6x.
s
      At line 204 in file ..\\..\\..\\..\\startup_code\\keil_startup_lpc175x_6x
.s

MCPWM_IRQHandler 0000001C

Symbol: MCPWM_IRQHandler
   Definitions
      At line 242 in file ..\\..\\..\\..\\startup_code\\keil_startup_lpc175x_6x
.s
   Uses
      At line 102 in file ..\\..\\..\\..\\startup_code\\keil_startup_lpc175x_6x
.s
      At line 207 in file ..\\..\\..\\..\\startup_code\\keil_startup_lpc175x_6x
.s

MemManage_Handler 0000000C




ARM Macro Assembler    Page 5 Alphabetic symbol ordering
Relocatable symbols

Symbol: MemManage_Handler
   Definitions
      At line 138 in file ..\\..\\..\\..\\startup_code\\keil_startup_lpc175x_6x
.s
   Uses
      At line 57 in file ..\\..\\..\\..\\startup_code\\keil_startup_lpc175x_6x.
s
      At line 140 in file ..\\..\\..\\..\\startup_code\\keil_startup_lpc175x_6x
.s

NMI_Handler 00000008

Symbol: NMI_Handler
   Definitions
      At line 129 in file ..\\..\\..\\..\\startup_code\\keil_startup_lpc175x_6x
.s
   Uses
      At line 55 in file ..\\..\\..\\..\\startup_code\\keil_startup_lpc175x_6x.
s
      At line 130 in file ..\\..\\..\\..\\startup_code\\keil_startup_lpc175x_6x
.s

PLL0_IRQHandler 0000001C

Symbol: PLL0_IRQHandler
   Definitions
      At line 228 in file ..\\..\\..\\..\\startup_code\\keil_startup_lpc175x_6x
.s
   Uses
      At line 88 in file ..\\..\\..\\..\\startup_code\\keil_startup_lpc175x_6x.
s
      At line 193 in file ..\\..\\..\\..\\startup_code\\keil_startup_lpc175x_6x
.s

PLL1_IRQHandler 0000001C

Symbol: PLL1_IRQHandler
   Definitions
      At line 244 in file ..\\..\\..\\..\\startup_code\\keil_startup_lpc175x_6x
.s
   Uses
      At line 104 in file ..\\..\\..\\..\\startup_code\\keil_startup_lpc175x_6x
.s
      At line 209 in file ..\\..\\..\\..\\startup_code\\keil_startup_lpc175x_6x
.s

PWM1_IRQHandler 0000001C

Symbol: PWM1_IRQHandler
   Definitions
      At line 221 in file ..\\..\\..\\..\\startup_code\\keil_startup_lpc175x_6x
.s
   Uses
      At line 81 in file ..\\..\\..\\..\\startup_code\\keil_startup_lpc175x_6x.
s
      At line 186 in file ..\\..\\..\\..\\startup_code\\keil_startup_lpc175x_6x
.s

PendSV_Handler 00000016



ARM Macro Assembler    Page 6 Alphabetic symbol ordering
Relocatable symbols


Symbol: PendSV_Handler
   Definitions
      At line 162 in file ..\\..\\..\\..\\startup_code\\keil_startup_lpc175x_6x
.s
   Uses
      At line 67 in file ..\\..\\..\\..\\startup_code\\keil_startup_lpc175x_6x.
s
      At line 163 in file ..\\..\\..\\..\\startup_code\\keil_startup_lpc175x_6x
.s

QEI_IRQHandler 0000001C

Symbol: QEI_IRQHandler
   Definitions
      At line 243 in file ..\\..\\..\\..\\startup_code\\keil_startup_lpc175x_6x
.s
   Uses
      At line 103 in file ..\\..\\..\\..\\startup_code\\keil_startup_lpc175x_6x
.s
      At line 208 in file ..\\..\\..\\..\\startup_code\\keil_startup_lpc175x_6x
.s

RIT_IRQHandler 0000001C

Symbol: RIT_IRQHandler
   Definitions
      At line 241 in file ..\\..\\..\\..\\startup_code\\keil_startup_lpc175x_6x
.s
   Uses
      At line 101 in file ..\\..\\..\\..\\startup_code\\keil_startup_lpc175x_6x
.s
      At line 206 in file ..\\..\\..\\..\\startup_code\\keil_startup_lpc175x_6x
.s

RTC_IRQHandler 0000001C

Symbol: RTC_IRQHandler
   Definitions
      At line 229 in file ..\\..\\..\\..\\startup_code\\keil_startup_lpc175x_6x
.s
   Uses
      At line 89 in file ..\\..\\..\\..\\startup_code\\keil_startup_lpc175x_6x.
s
      At line 194 in file ..\\..\\..\\..\\startup_code\\keil_startup_lpc175x_6x
.s

Reset_Handler 00000000

Symbol: Reset_Handler
   Definitions
      At line 117 in file ..\\..\\..\\..\\startup_code\\keil_startup_lpc175x_6x
.s
   Uses
      At line 54 in file ..\\..\\..\\..\\startup_code\\keil_startup_lpc175x_6x.
s
      At line 118 in file ..\\..\\..\\..\\startup_code\\keil_startup_lpc175x_6x
.s




ARM Macro Assembler    Page 7 Alphabetic symbol ordering
Relocatable symbols

SPI_IRQHandler 0000001C

Symbol: SPI_IRQHandler
   Definitions
      At line 225 in file ..\\..\\..\\..\\startup_code\\keil_startup_lpc175x_6x
.s
   Uses
      At line 85 in file ..\\..\\..\\..\\startup_code\\keil_startup_lpc175x_6x.
s
      At line 190 in file ..\\..\\..\\..\\startup_code\\keil_startup_lpc175x_6x
.s

SSP0_IRQHandler 0000001C

Symbol: SSP0_IRQHandler
   Definitions
      At line 226 in file ..\\..\\..\\..\\startup_code\\keil_startup_lpc175x_6x
.s
   Uses
      At line 86 in file ..\\..\\..\\..\\startup_code\\keil_startup_lpc175x_6x.
s
      At line 191 in file ..\\..\\..\\..\\startup_code\\keil_startup_lpc175x_6x
.s

SSP1_IRQHandler 0000001C

Symbol: SSP1_IRQHandler
   Definitions
      At line 227 in file ..\\..\\..\\..\\startup_code\\keil_startup_lpc175x_6x
.s
   Uses
      At line 87 in file ..\\..\\..\\..\\startup_code\\keil_startup_lpc175x_6x.
s
      At line 192 in file ..\\..\\..\\..\\startup_code\\keil_startup_lpc175x_6x
.s

SVC_Handler 00000012

Symbol: SVC_Handler
   Definitions
      At line 153 in file ..\\..\\..\\..\\startup_code\\keil_startup_lpc175x_6x
.s
   Uses
      At line 64 in file ..\\..\\..\\..\\startup_code\\keil_startup_lpc175x_6x.
s
      At line 154 in file ..\\..\\..\\..\\startup_code\\keil_startup_lpc175x_6x
.s

SysTick_Handler 00000018

Symbol: SysTick_Handler
   Definitions
      At line 166 in file ..\\..\\..\\..\\startup_code\\keil_startup_lpc175x_6x
.s
   Uses
      At line 68 in file ..\\..\\..\\..\\startup_code\\keil_startup_lpc175x_6x.
s
      At line 167 in file ..\\..\\..\\..\\startup_code\\keil_startup_lpc175x_6x
.s



ARM Macro Assembler    Page 8 Alphabetic symbol ordering
Relocatable symbols


TIMER0_IRQHandler 0000001C

Symbol: TIMER0_IRQHandler
   Definitions
      At line 213 in file ..\\..\\..\\..\\startup_code\\keil_startup_lpc175x_6x
.s
   Uses
      At line 73 in file ..\\..\\..\\..\\startup_code\\keil_startup_lpc175x_6x.
s
      At line 178 in file ..\\..\\..\\..\\startup_code\\keil_startup_lpc175x_6x
.s

TIMER1_IRQHandler 0000001C

Symbol: TIMER1_IRQHandler
   Definitions
      At line 214 in file ..\\..\\..\\..\\startup_code\\keil_startup_lpc175x_6x
.s
   Uses
      At line 74 in file ..\\..\\..\\..\\startup_code\\keil_startup_lpc175x_6x.
s
      At line 179 in file ..\\..\\..\\..\\startup_code\\keil_startup_lpc175x_6x
.s

TIMER2_IRQHandler 0000001C

Symbol: TIMER2_IRQHandler
   Definitions
      At line 215 in file ..\\..\\..\\..\\startup_code\\keil_startup_lpc175x_6x
.s
   Uses
      At line 75 in file ..\\..\\..\\..\\startup_code\\keil_startup_lpc175x_6x.
s
      At line 180 in file ..\\..\\..\\..\\startup_code\\keil_startup_lpc175x_6x
.s

TIMER3_IRQHandler 0000001C

Symbol: TIMER3_IRQHandler
   Definitions
      At line 216 in file ..\\..\\..\\..\\startup_code\\keil_startup_lpc175x_6x
.s
   Uses
      At line 76 in file ..\\..\\..\\..\\startup_code\\keil_startup_lpc175x_6x.
s
      At line 181 in file ..\\..\\..\\..\\startup_code\\keil_startup_lpc175x_6x
.s

UART0_IRQHandler 0000001C

Symbol: UART0_IRQHandler
   Definitions
      At line 217 in file ..\\..\\..\\..\\startup_code\\keil_startup_lpc175x_6x
.s
   Uses
      At line 77 in file ..\\..\\..\\..\\startup_code\\keil_startup_lpc175x_6x.
s
      At line 182 in file ..\\..\\..\\..\\startup_code\\keil_startup_lpc175x_6x



ARM Macro Assembler    Page 9 Alphabetic symbol ordering
Relocatable symbols

.s

UART1_IRQHandler 0000001C

Symbol: UART1_IRQHandler
   Definitions
      At line 218 in file ..\\..\\..\\..\\startup_code\\keil_startup_lpc175x_6x
.s
   Uses
      At line 78 in file ..\\..\\..\\..\\startup_code\\keil_startup_lpc175x_6x.
s
      At line 183 in file ..\\..\\..\\..\\startup_code\\keil_startup_lpc175x_6x
.s

UART2_IRQHandler 0000001C

Symbol: UART2_IRQHandler
   Definitions
      At line 219 in file ..\\..\\..\\..\\startup_code\\keil_startup_lpc175x_6x
.s
   Uses
      At line 79 in file ..\\..\\..\\..\\startup_code\\keil_startup_lpc175x_6x.
s
      At line 184 in file ..\\..\\..\\..\\startup_code\\keil_startup_lpc175x_6x
.s

UART3_IRQHandler 0000001C

Symbol: UART3_IRQHandler
   Definitions
      At line 220 in file ..\\..\\..\\..\\startup_code\\keil_startup_lpc175x_6x
.s
   Uses
      At line 80 in file ..\\..\\..\\..\\startup_code\\keil_startup_lpc175x_6x.
s
      At line 185 in file ..\\..\\..\\..\\startup_code\\keil_startup_lpc175x_6x
.s

USBActivity_IRQHandler 0000001C

Symbol: USBActivity_IRQHandler
   Definitions
      At line 245 in file ..\\..\\..\\..\\startup_code\\keil_startup_lpc175x_6x
.s
   Uses
      At line 105 in file ..\\..\\..\\..\\startup_code\\keil_startup_lpc175x_6x
.s
      At line 210 in file ..\\..\\..\\..\\startup_code\\keil_startup_lpc175x_6x
.s

USB_IRQHandler 0000001C

Symbol: USB_IRQHandler
   Definitions
      At line 236 in file ..\\..\\..\\..\\startup_code\\keil_startup_lpc175x_6x
.s
   Uses
      At line 96 in file ..\\..\\..\\..\\startup_code\\keil_startup_lpc175x_6x.
s



ARM Macro Assembler    Page 10 Alphabetic symbol ordering
Relocatable symbols

      At line 201 in file ..\\..\\..\\..\\startup_code\\keil_startup_lpc175x_6x
.s

UnHandled_Vector 0000001A

Symbol: UnHandled_Vector
   Definitions
      At line 170 in file ..\\..\\..\\..\\startup_code\\keil_startup_lpc175x_6x
.s
   Uses
      At line 61 in file ..\\..\\..\\..\\startup_code\\keil_startup_lpc175x_6x.
s
      At line 62 in file ..\\..\\..\\..\\startup_code\\keil_startup_lpc175x_6x.
s
      At line 63 in file ..\\..\\..\\..\\startup_code\\keil_startup_lpc175x_6x.
s
      At line 66 in file ..\\..\\..\\..\\startup_code\\keil_startup_lpc175x_6x.
s
      At line 171 in file ..\\..\\..\\..\\startup_code\\keil_startup_lpc175x_6x
.s

UsageFault_Handler 00000010

Symbol: UsageFault_Handler
   Definitions
      At line 148 in file ..\\..\\..\\..\\startup_code\\keil_startup_lpc175x_6x
.s
   Uses
      At line 59 in file ..\\..\\..\\..\\startup_code\\keil_startup_lpc175x_6x.
s
      At line 150 in file ..\\..\\..\\..\\startup_code\\keil_startup_lpc175x_6x
.s

WDT_IRQHandler 0000001C

Symbol: WDT_IRQHandler
   Definitions
      At line 212 in file ..\\..\\..\\..\\startup_code\\keil_startup_lpc175x_6x
.s
   Uses
      At line 72 in file ..\\..\\..\\..\\startup_code\\keil_startup_lpc175x_6x.
s
      At line 177 in file ..\\..\\..\\..\\startup_code\\keil_startup_lpc175x_6x
.s

__user_initial_stackheap 00000020

Symbol: __user_initial_stackheap
   Definitions
      At line 266 in file ..\\..\\..\\..\\startup_code\\keil_startup_lpc175x_6x
.s
   Uses
      At line 265 in file ..\\..\\..\\..\\startup_code\\keil_startup_lpc175x_6x
.s
Comment: __user_initial_stackheap used once
49 symbols



ARM Macro Assembler    Page 1 Alphabetic symbol ordering
Absolute symbols

Heap_Size 00000100

Symbol: Heap_Size
   Definitions
      At line 36 in file ..\\..\\..\\..\\startup_code\\keil_startup_lpc175x_6x.
s
   Uses
      At line 40 in file ..\\..\\..\\..\\startup_code\\keil_startup_lpc175x_6x.
s
      At line 270 in file ..\\..\\..\\..\\startup_code\\keil_startup_lpc175x_6x
.s

Sign_Value 5A5A5A5A

Symbol: Sign_Value
   Definitions
      At line 51 in file ..\\..\\..\\..\\startup_code\\keil_startup_lpc175x_6x.
s
   Uses
      At line 60 in file ..\\..\\..\\..\\startup_code\\keil_startup_lpc175x_6x.
s
Comment: Sign_Value used once
Stack_Size 00000800

Symbol: Stack_Size
   Definitions
      At line 26 in file ..\\..\\..\\..\\startup_code\\keil_startup_lpc175x_6x.
s
   Uses
      At line 29 in file ..\\..\\..\\..\\startup_code\\keil_startup_lpc175x_6x.
s
      At line 269 in file ..\\..\\..\\..\\startup_code\\keil_startup_lpc175x_6x
.s

3 symbols



ARM Macro Assembler    Page 1 Alphabetic symbol ordering
External symbols

SystemInit 00000000

Symbol: SystemInit
   Definitions
      At line 120 in file ..\\..\\..\\..\\startup_code\\keil_startup_lpc175x_6x
.s
   Uses
      At line 121 in file ..\\..\\..\\..\\startup_code\\keil_startup_lpc175x_6x
.s
Comment: SystemInit used once
__main 00000000

Symbol: __main
   Definitions
      At line 119 in file ..\\..\\..\\..\\startup_code\\keil_startup_lpc175x_6x
.s
   Uses
      At line 123 in file ..\\..\\..\\..\\startup_code\\keil_startup_lpc175x_6x
.s
Comment: __main used once
__use_two_region_memory 00000000

Symbol: __use_two_region_memory
   Definitions
      At line 264 in file ..\\..\\..\\..\\startup_code\\keil_startup_lpc175x_6x
.s
   Uses
      None
Comment: __use_two_region_memory unused
3 symbols
400 symbols in table
