


ARM Macro Assembler    Page 1 


    1 00000000         #line   1                "..\\..\\..\\..\\examples\\lwip
\\startup_code\\keil_startup_lpc17xx_40xx.s"
    1 00000000         ;
    2 00000000         
    3 00000000         
    4 00000000         
    5 00000000         
    6 00000000         
    7 00000000         
    8 00000000         
    9 00000000         
   10 00000000         
   11 00000000         
   12 00000000         
   13 00000000         
   14 00000000         
   15 00000000         
   16 00000000         
   17 00000000         
   18 00000000         
   19 00000000         
   20 00000000         
   21 00000000         
   22 00000000         #line   1                "..\\..\\..\\..\\..\\..\\softwa
re\\lpc_core\\lpc_chip\\chip_17xx_40xx\\config_175x_6x\\sys_config.h"
    1 00000000         
    2 00000000         
    3 00000000         
    4 00000000         
    5 00000000         
    6 00000000         
    7 00000000         
    8 00000000         
    9 00000000         
   10 00000000         
   11 00000000         
   12 00000000         
   13 00000000         
   14 00000000         
   15 00000000         
   16 00000000         
   17 00000000         
   18 00000000         
   19 00000000         
   20 00000000         
   21 00000000         
   22 00000000         
   23 00000000         
   24 00000000         
   25 00000000         
   26 00000000         
   27 00000000         
   28 00000000         
   29 00000000         
   30 00000000         
   31 00000000         
   32 00000000         
   33 00000000         
   34 00000000         



ARM Macro Assembler    Page 2 


   35 00000000         
   36 00000000         #line   23               "..\\..\\..\\..\\examples\\lwip
\\startup_code\\keil_startup_lpc17xx_40xx.s"
   23 00000000         
   24 00000000         ; <h> Stack Configuration
   25 00000000         ;   <o> Stack Size (in Bytes) <0x0-0xFFFFFFFF:8>
   26 00000000         ; </h>
   27 00000000         
   28 00000000 00001000 
                       Stack_Size
                               EQU              0x00001000
   29 00000000         
   30 00000000                 AREA             STACK, NOINIT, READWRITE, ALIGN
=3
   31 00000000         Stack_Mem
                               SPACE            Stack_Size
   32 00001000         __initial_sp
   33 00001000         
   34 00001000         ; <h> Heap Configuration
   35 00001000         ;   <o>  Heap Size (in Bytes) <0x0-0xFFFFFFFF:8>
   36 00001000         ; </h>
   37 00001000         
   38 00001000 00006000 
                       Heap_Size
                               EQU              0x00006000
   39 00001000         
   40 00001000                 AREA             HEAP, NOINIT, READWRITE, ALIGN=
3
   41 00000000         __heap_base
   42 00000000         Heap_Mem
                               SPACE            Heap_Size
   43 00006000         __heap_limit
   44 00006000         
   45 00006000                 PRESERVE8
   46 00006000                 THUMB
   47 00006000         
   48 00006000         ; Vector Table Mapped to Address 0 at Reset
   49 00006000         
   50 00006000                 AREA             RESET, DATA, READONLY
   51 00000000                 EXPORT           __Vectors
   52 00000000         
   53 00000000 5A5A5A5A 
                       Sign_Value
                               EQU              0x5A5A5A5A
   54 00000000         
   55 00000000 00000000 
                       __Vectors
                               DCD              __initial_sp ; 0 Top of Stack
   56 00000004 00000000        DCD              Reset_Handler ; 1 Reset Handler
                                                            
   57 00000008 00000000        DCD              NMI_Handler ; 2 NMI Handler
   58 0000000C 00000000        DCD              HardFault_Handler ; 3 Hard Faul
                                                            t Handler
   59 00000010 00000000        DCD              MemManage_Handler ; 4 MPU Fault
                                                             Handler
   60 00000014 00000000        DCD              BusFault_Handler ; 5 Bus Fault 
                                                            Handler
   61 00000018 00000000        DCD              UsageFault_Handler ; 6 Usage Fa
                                                            ult Handler



ARM Macro Assembler    Page 3 


   62 0000001C 5A5A5A5A        DCD              Sign_Value  ; 7 Reserved
   63 00000020 00000000        DCD              UnHandled_Vector ; 8 Reserved
   64 00000024 00000000        DCD              UnHandled_Vector ; 9 Reserved
   65 00000028 00000000        DCD              UnHandled_Vector ; 10 Reserved
   66 0000002C 00000000        DCD              SVC_Handler ; 11 SVCall Handler
                                                            
   67 00000030 00000000        DCD              DebugMon_Handler ; 12 Debug Mon
                                                            itor Handler
   68 00000034 00000000        DCD              UnHandled_Vector ; 13 Reserved
   69 00000038 00000000        DCD              PendSV_Handler 
                                                            ; 14 PendSV Handler
                                                            
   70 0000003C 00000000        DCD              SysTick_Handler ; 15 SysTick Ha
                                                            ndler
   71 00000040         
   72 00000040         ; External Interrupts    
   73 00000040         
   74 00000040 00000000        DCD              WDT_IRQHandler 
                                                            ; 16 Watchdog Timer
                                                            
   75 00000044 00000000        DCD              TIMER0_IRQHandler ; 17 Timer0
   76 00000048 00000000        DCD              TIMER1_IRQHandler ; 18 Timer1
   77 0000004C 00000000        DCD              TIMER2_IRQHandler ; 19 Timer2
   78 00000050 00000000        DCD              TIMER3_IRQHandler ; 20 Timer3
   79 00000054 00000000        DCD              UART0_IRQHandler ; 21 UART0
   80 00000058 00000000        DCD              UART1_IRQHandler ; 22 UART1
   81 0000005C 00000000        DCD              UART2_IRQHandler ; 23 UART2
   82 00000060 00000000        DCD              UART3_IRQHandler ; 24 UART3
   83 00000064 00000000        DCD              PWM1_IRQHandler ; 25 PWM1
   84 00000068 00000000        DCD              I2C0_IRQHandler ; 26 I2C0
   85 0000006C 00000000        DCD              I2C1_IRQHandler ; 27 I2C1
   86 00000070 00000000        DCD              I2C2_IRQHandler ; 28 I2C2
   87 00000074         
   88 00000074         
   89 00000074         
   90 00000074 00000000        DCD              SPI_IRQHandler ; 29 SPI (only o
                                                            n the 175x/6x, rese
                                                            rved on other devic
                                                            es)
   91 00000078         
   92 00000078 00000000        DCD              SSP0_IRQHandler ; 30 SSP0
   93 0000007C 00000000        DCD              SSP1_IRQHandler ; 31 SSP1
   94 00000080 00000000        DCD              PLL0_IRQHandler ; 32 PLL0 Lock 
                                                            (Main PLL)
   95 00000084 00000000        DCD              RTC_IRQHandler ; 33 RTC
   96 00000088 00000000        DCD              EINT0_IRQHandler ; 34 External 
                                                            Interrupt 0
   97 0000008C 00000000        DCD              EINT1_IRQHandler ; 35 External 
                                                            Interrupt 1
   98 00000090 00000000        DCD              EINT2_IRQHandler ; 36 External 
                                                            Interrupt 2
   99 00000094 00000000        DCD              EINT3_IRQHandler ; 37 External 
                                                            Interrupt 3
  100 00000098 00000000        DCD              ADC_IRQHandler 
                                                            ; 38 A/D Converter
  101 0000009C 00000000        DCD              BOD_IRQHandler ; 39 Brown-Out D
                                                            etect
  102 000000A0 00000000        DCD              USB_IRQHandler ; 40 USB
  103 000000A4 00000000        DCD              CAN_IRQHandler ; 41 CAN



ARM Macro Assembler    Page 4 


  104 000000A8 00000000        DCD              DMA_IRQHandler ; 42 General Pur
                                                            pose DMA
  105 000000AC 00000000        DCD              I2S_IRQHandler ; 43 I2S
  106 000000B0 00000000        DCD              ETH_IRQHandler ; 44 Ethernet
  107 000000B4         
  108 000000B4         
  109 000000B4         
  110 000000B4 00000000        DCD              RIT_IRQHandler ; 45 RITIMER
  111 000000B8         
  112 000000B8 00000000        DCD              MCPWM_IRQHandler ; 46 Motor Con
                                                            trol PWM
  113 000000BC 00000000        DCD              QEI_IRQHandler ; 47 QEI
  114 000000C0 00000000        DCD              PLL1_IRQHandler ; 48 PLL1 Lock 
                                                            (USB PLL)
  115 000000C4 00000000        DCD              USBActivity_IRQHandler ; 49 USB
                                                             Activity interrupt
                                                             to wakeup
  116 000000C8 00000000        DCD              CANActivity_IRQHandler ; 50 CAN
                                                             Activity interrupt
                                                             to wakeup
  117 000000CC         #line   125              "..\\..\\..\\..\\examples\\lwip
\\startup_code\\keil_startup_lpc17xx_40xx.s"
  125 000000CC         
  126 000000CC         ;                IF      :LNOT::DEF:NO_CRP
  127 000000CC         ;                AREA    |.ARM.__at_0x02FC|, CODE, READO
                       NLY
  128 000000CC         ;CRP_Key         DCD     0xFFFFFFFF
  129 000000CC         ;                ENDIF
  130 000000CC         
  131 000000CC                 AREA             |.text|, CODE, READONLY
  132 00000000         
  133 00000000         ; Reset Handler
  134 00000000         
  135 00000000         Reset_Handler
                               PROC
  136 00000000                 EXPORT           Reset_Handler             [WEAK
]
  137 00000000                 IMPORT           __main
  138 00000000                 IMPORT           SystemInit
  139 00000000 480A            LDR              R0, =SystemInit
  140 00000002 4780            BLX              R0
  141 00000004 480A            LDR              R0, =__main
  142 00000006 4700            BX               R0
  143 00000008                 ENDP
  144 00000008         
  145 00000008         ; Dummy Exception Handlers (infinite loops which can be 
                       modified)
  146 00000008         
  147 00000008         NMI_Handler
                               PROC
  148 00000008                 EXPORT           NMI_Handler               [WEAK
]
  149 00000008 E7FE            B                .
  150 0000000A                 ENDP
  151 0000000A         HardFault_Handler
                               PROC
  152 0000000A         
  153 0000000A                 EXPORT           HardFault_Handler         [WEAK
]



ARM Macro Assembler    Page 5 


  154 0000000A E7FE            B                .
  155 0000000C                 ENDP
  156 0000000C         MemManage_Handler
                               PROC
  157 0000000C         
  158 0000000C                 EXPORT           MemManage_Handler         [WEAK
]
  159 0000000C E7FE            B                .
  160 0000000E                 ENDP
  161 0000000E         BusFault_Handler
                               PROC
  162 0000000E         
  163 0000000E                 EXPORT           BusFault_Handler          [WEAK
]
  164 0000000E E7FE            B                .
  165 00000010                 ENDP
  166 00000010         UsageFault_Handler
                               PROC
  167 00000010         
  168 00000010                 EXPORT           UsageFault_Handler        [WEAK
]
  169 00000010 E7FE            B                .
  170 00000012                 ENDP
  171 00000012         SVC_Handler
                               PROC
  172 00000012                 EXPORT           SVC_Handler               [WEAK
]
  173 00000012 E7FE            B                .
  174 00000014                 ENDP
  175 00000014         DebugMon_Handler
                               PROC
  176 00000014         
  177 00000014                 EXPORT           DebugMon_Handler          [WEAK
]
  178 00000014 E7FE            B                .
  179 00000016                 ENDP
  180 00000016         PendSV_Handler
                               PROC
  181 00000016                 EXPORT           PendSV_Handler            [WEAK
]
  182 00000016 E7FE            B                .
  183 00000018                 ENDP
  184 00000018         SysTick_Handler
                               PROC
  185 00000018                 EXPORT           SysTick_Handler           [WEAK
]
  186 00000018 E7FE            B                .
  187 0000001A                 ENDP
  188 0000001A         UnHandled_Vector
                               PROC
  189 0000001A                 EXPORT           UnHandled_Vector          [WEAK
]
  190 0000001A E7FE            B                .
  191 0000001C                 ENDP
  192 0000001C         
  193 0000001C         Default_Handler
                               PROC
  194 0000001C         
  195 0000001C                 EXPORT           WDT_IRQHandler            [WEAK



ARM Macro Assembler    Page 6 


]
  196 0000001C                 EXPORT           TIMER0_IRQHandler         [WEAK
]
  197 0000001C                 EXPORT           TIMER1_IRQHandler         [WEAK
]
  198 0000001C                 EXPORT           TIMER2_IRQHandler         [WEAK
]
  199 0000001C                 EXPORT           TIMER3_IRQHandler         [WEAK
]
  200 0000001C                 EXPORT           UART0_IRQHandler          [WEAK
]
  201 0000001C                 EXPORT           UART1_IRQHandler          [WEAK
]
  202 0000001C                 EXPORT           UART2_IRQHandler          [WEAK
]
  203 0000001C                 EXPORT           UART3_IRQHandler          [WEAK
]
  204 0000001C                 EXPORT           PWM1_IRQHandler           [WEAK
]
  205 0000001C                 EXPORT           I2C0_IRQHandler           [WEAK
]
  206 0000001C                 EXPORT           I2C1_IRQHandler           [WEAK
]
  207 0000001C                 EXPORT           I2C2_IRQHandler           [WEAK
]
  208 0000001C                 EXPORT           SPI_IRQHandler            [WEAK
]
  209 0000001C                 EXPORT           SSP0_IRQHandler           [WEAK
]
  210 0000001C                 EXPORT           SSP1_IRQHandler           [WEAK
]
  211 0000001C                 EXPORT           PLL0_IRQHandler           [WEAK
]
  212 0000001C                 EXPORT           RTC_IRQHandler            [WEAK
]
  213 0000001C                 EXPORT           EINT0_IRQHandler          [WEAK
]
  214 0000001C                 EXPORT           EINT1_IRQHandler          [WEAK
]
  215 0000001C                 EXPORT           EINT2_IRQHandler          [WEAK
]
  216 0000001C                 EXPORT           EINT3_IRQHandler          [WEAK
]
  217 0000001C                 EXPORT           ADC_IRQHandler            [WEAK
]
  218 0000001C                 EXPORT           BOD_IRQHandler            [WEAK
]
  219 0000001C                 EXPORT           USB_IRQHandler            [WEAK
]
  220 0000001C                 EXPORT           CAN_IRQHandler            [WEAK
]
  221 0000001C                 EXPORT           DMA_IRQHandler            [WEAK
]
  222 0000001C                 EXPORT           I2S_IRQHandler            [WEAK
]
  223 0000001C                 EXPORT           ETH_IRQHandler            [WEAK
]
  224 0000001C         
  225 0000001C         



ARM Macro Assembler    Page 7 


  226 0000001C         
  227 0000001C                 EXPORT           RIT_IRQHandler            [WEAK
]
  228 0000001C         
  229 0000001C                 EXPORT           MCPWM_IRQHandler          [WEAK
]
  230 0000001C                 EXPORT           QEI_IRQHandler            [WEAK
]
  231 0000001C                 EXPORT           PLL1_IRQHandler           [WEAK
]
  232 0000001C                 EXPORT           USBActivity_IRQHandler    [WEAK
]
  233 0000001C                 EXPORT           CANActivity_IRQHandler    [WEAK
]
  234 0000001C         #line   242              "..\\..\\..\\..\\examples\\lwip
\\startup_code\\keil_startup_lpc17xx_40xx.s"
  242 0000001C         WDT_IRQHandler
  243 0000001C         TIMER0_IRQHandler
  244 0000001C         TIMER1_IRQHandler
  245 0000001C         TIMER2_IRQHandler
  246 0000001C         TIMER3_IRQHandler
  247 0000001C         UART0_IRQHandler
  248 0000001C         UART1_IRQHandler
  249 0000001C         UART2_IRQHandler
  250 0000001C         UART3_IRQHandler
  251 0000001C         PWM1_IRQHandler
  252 0000001C         I2C0_IRQHandler
  253 0000001C         I2C1_IRQHandler
  254 0000001C         I2C2_IRQHandler
  255 0000001C         SPI_IRQHandler
  256 0000001C         SSP0_IRQHandler
  257 0000001C         SSP1_IRQHandler
  258 0000001C         PLL0_IRQHandler
  259 0000001C         RTC_IRQHandler
  260 0000001C         EINT0_IRQHandler
  261 0000001C         EINT1_IRQHandler
  262 0000001C         EINT2_IRQHandler
  263 0000001C         EINT3_IRQHandler
  264 0000001C         ADC_IRQHandler
  265 0000001C         BOD_IRQHandler
  266 0000001C         USB_IRQHandler
  267 0000001C         CAN_IRQHandler
  268 0000001C         DMA_IRQHandler
  269 0000001C         I2S_IRQHandler
  270 0000001C         ETH_IRQHandler
  271 0000001C         
  272 0000001C         
  273 0000001C         
  274 0000001C         RIT_IRQHandler
  275 0000001C         
  276 0000001C         MCPWM_IRQHandler
  277 0000001C         QEI_IRQHandler
  278 0000001C         PLL1_IRQHandler
  279 0000001C         USBActivity_IRQHandler
  280 0000001C         CANActivity_IRQHandler
  281 0000001C         #line   289              "..\\..\\..\\..\\examples\\lwip
\\startup_code\\keil_startup_lpc17xx_40xx.s"
  289 0000001C         
  290 0000001C E7FE            B                .



ARM Macro Assembler    Page 8 


  291 0000001E         
  292 0000001E                 ENDP
  293 0000001E         
  294 0000001E 00 00           ALIGN
  295 00000020         
  296 00000020         ; User Initial Stack & Heap
  297 00000020         
  298 00000020                 IF               :DEF:__MICROLIB
  305 00000020         
  306 00000020                 IMPORT           __use_two_region_memory
  307 00000020                 EXPORT           __user_initial_stackheap
  308 00000020         __user_initial_stackheap
  309 00000020         
  310 00000020 4804            LDR              R0, =  Heap_Mem
  311 00000022 4905            LDR              R1, =(Stack_Mem + Stack_Size)
  312 00000024 4A05            LDR              R2, = (Heap_Mem +  Heap_Size)
  313 00000026 4B06            LDR              R3, = Stack_Mem
  314 00000028 4770            BX               LR
  315 0000002A         
  316 0000002A 00 00           ALIGN
  317 0000002C         
  318 0000002C                 ENDIF
  319 0000002C         
  320 0000002C                 END
              00000000 
              00000000 
              00000000 
              00001000 
              00006000 
              00000000 
Command Line: --debug --xref --cpreproc --diag_suppress=9931 --cpu=Cortex-M3 --
apcs=interwork --depend=.\keil_output\iflash_nxp_lpcxpresso_1769\keil_startup_l
pc17xx_40xx.d -o.\keil_output\iflash_nxp_lpcxpresso_1769\keil_startup_lpc17xx_4
0xx.o -I..\..\..\..\..\..\software\lpc_core\lpc_chip\chip_17xx_40xx\config_175x
_6x -I..\..\..\..\..\..\software\lpc_core\lpc_board\boards_17xx\nxp_lpcxpresso_
1769 -IC:\Keil_v5\ARM\RV31\INC -IC:\Keil_v5\ARM\CMSIS\Include -IC:\Keil_v5\ARM\
INC\NXP\LPC17xx --predefine="__UVISION_VERSION SETA 524" --predefine="CORE_M3 S
ETA 1" --list=.\keil_output\iflash_nxp_lpcxpresso_1769\keil_startup_lpc17xx_40x
x.lst ..\..\..\..\examples\lwip\startup_code\keil_startup_lpc17xx_40xx.s



ARM Macro Assembler    Page 1 Alphabetic symbol ordering
Relocatable symbols

STACK 00000000

Symbol: STACK
   Definitions
      At line 30 in file ..\\..\\..\\..\\examples\\lwip\\startup_code\\keil_sta
rtup_lpc17xx_40xx.s
   Uses
      None
Comment: STACK unused
Stack_Mem 00000000

Symbol: Stack_Mem
   Definitions
      At line 31 in file ..\\..\\..\\..\\examples\\lwip\\startup_code\\keil_sta
rtup_lpc17xx_40xx.s
   Uses
      At line 311 in file ..\\..\\..\\..\\examples\\lwip\\startup_code\\keil_st
artup_lpc17xx_40xx.s
      At line 313 in file ..\\..\\..\\..\\examples\\lwip\\startup_code\\keil_st
artup_lpc17xx_40xx.s

__initial_sp 00001000

Symbol: __initial_sp
   Definitions
      At line 32 in file ..\\..\\..\\..\\examples\\lwip\\startup_code\\keil_sta
rtup_lpc17xx_40xx.s
   Uses
      At line 55 in file ..\\..\\..\\..\\examples\\lwip\\startup_code\\keil_sta
rtup_lpc17xx_40xx.s
Comment: __initial_sp used once
3 symbols



ARM Macro Assembler    Page 1 Alphabetic symbol ordering
Relocatable symbols

HEAP 00000000

Symbol: HEAP
   Definitions
      At line 40 in file ..\\..\\..\\..\\examples\\lwip\\startup_code\\keil_sta
rtup_lpc17xx_40xx.s
   Uses
      None
Comment: HEAP unused
Heap_Mem 00000000

Symbol: Heap_Mem
   Definitions
      At line 42 in file ..\\..\\..\\..\\examples\\lwip\\startup_code\\keil_sta
rtup_lpc17xx_40xx.s
   Uses
      At line 310 in file ..\\..\\..\\..\\examples\\lwip\\startup_code\\keil_st
artup_lpc17xx_40xx.s
      At line 312 in file ..\\..\\..\\..\\examples\\lwip\\startup_code\\keil_st
artup_lpc17xx_40xx.s

__heap_base 00000000

Symbol: __heap_base
   Definitions
      At line 41 in file ..\\..\\..\\..\\examples\\lwip\\startup_code\\keil_sta
rtup_lpc17xx_40xx.s
   Uses
      None
Comment: __heap_base unused
__heap_limit 00006000

Symbol: __heap_limit
   Definitions
      At line 43 in file ..\\..\\..\\..\\examples\\lwip\\startup_code\\keil_sta
rtup_lpc17xx_40xx.s
   Uses
      None
Comment: __heap_limit unused
4 symbols



ARM Macro Assembler    Page 1 Alphabetic symbol ordering
Relocatable symbols

RESET 00000000

Symbol: RESET
   Definitions
      At line 50 in file ..\\..\\..\\..\\examples\\lwip\\startup_code\\keil_sta
rtup_lpc17xx_40xx.s
   Uses
      None
Comment: RESET unused
__Vectors 00000000

Symbol: __Vectors
   Definitions
      At line 55 in file ..\\..\\..\\..\\examples\\lwip\\startup_code\\keil_sta
rtup_lpc17xx_40xx.s
   Uses
      At line 51 in file ..\\..\\..\\..\\examples\\lwip\\startup_code\\keil_sta
rtup_lpc17xx_40xx.s
Comment: __Vectors used once
2 symbols



ARM Macro Assembler    Page 1 Alphabetic symbol ordering
Relocatable symbols

.text 00000000

Symbol: .text
   Definitions
      At line 131 in file ..\\..\\..\\..\\examples\\lwip\\startup_code\\keil_st
artup_lpc17xx_40xx.s
   Uses
      None
Comment: .text unused
ADC_IRQHandler 0000001C

Symbol: ADC_IRQHandler
   Definitions
      At line 264 in file ..\\..\\..\\..\\examples\\lwip\\startup_code\\keil_st
artup_lpc17xx_40xx.s
   Uses
      At line 100 in file ..\\..\\..\\..\\examples\\lwip\\startup_code\\keil_st
artup_lpc17xx_40xx.s
      At line 217 in file ..\\..\\..\\..\\examples\\lwip\\startup_code\\keil_st
artup_lpc17xx_40xx.s

BOD_IRQHandler 0000001C

Symbol: BOD_IRQHandler
   Definitions
      At line 265 in file ..\\..\\..\\..\\examples\\lwip\\startup_code\\keil_st
artup_lpc17xx_40xx.s
   Uses
      At line 101 in file ..\\..\\..\\..\\examples\\lwip\\startup_code\\keil_st
artup_lpc17xx_40xx.s
      At line 218 in file ..\\..\\..\\..\\examples\\lwip\\startup_code\\keil_st
artup_lpc17xx_40xx.s

BusFault_Handler 0000000E

Symbol: BusFault_Handler
   Definitions
      At line 161 in file ..\\..\\..\\..\\examples\\lwip\\startup_code\\keil_st
artup_lpc17xx_40xx.s
   Uses
      At line 60 in file ..\\..\\..\\..\\examples\\lwip\\startup_code\\keil_sta
rtup_lpc17xx_40xx.s
      At line 163 in file ..\\..\\..\\..\\examples\\lwip\\startup_code\\keil_st
artup_lpc17xx_40xx.s

CANActivity_IRQHandler 0000001C

Symbol: CANActivity_IRQHandler
   Definitions
      At line 280 in file ..\\..\\..\\..\\examples\\lwip\\startup_code\\keil_st
artup_lpc17xx_40xx.s
   Uses
      At line 116 in file ..\\..\\..\\..\\examples\\lwip\\startup_code\\keil_st
artup_lpc17xx_40xx.s
      At line 233 in file ..\\..\\..\\..\\examples\\lwip\\startup_code\\keil_st
artup_lpc17xx_40xx.s

CAN_IRQHandler 0000001C




ARM Macro Assembler    Page 2 Alphabetic symbol ordering
Relocatable symbols

Symbol: CAN_IRQHandler
   Definitions
      At line 267 in file ..\\..\\..\\..\\examples\\lwip\\startup_code\\keil_st
artup_lpc17xx_40xx.s
   Uses
      At line 103 in file ..\\..\\..\\..\\examples\\lwip\\startup_code\\keil_st
artup_lpc17xx_40xx.s
      At line 220 in file ..\\..\\..\\..\\examples\\lwip\\startup_code\\keil_st
artup_lpc17xx_40xx.s

DMA_IRQHandler 0000001C

Symbol: DMA_IRQHandler
   Definitions
      At line 268 in file ..\\..\\..\\..\\examples\\lwip\\startup_code\\keil_st
artup_lpc17xx_40xx.s
   Uses
      At line 104 in file ..\\..\\..\\..\\examples\\lwip\\startup_code\\keil_st
artup_lpc17xx_40xx.s
      At line 221 in file ..\\..\\..\\..\\examples\\lwip\\startup_code\\keil_st
artup_lpc17xx_40xx.s

DebugMon_Handler 00000014

Symbol: DebugMon_Handler
   Definitions
      At line 175 in file ..\\..\\..\\..\\examples\\lwip\\startup_code\\keil_st
artup_lpc17xx_40xx.s
   Uses
      At line 67 in file ..\\..\\..\\..\\examples\\lwip\\startup_code\\keil_sta
rtup_lpc17xx_40xx.s
      At line 177 in file ..\\..\\..\\..\\examples\\lwip\\startup_code\\keil_st
artup_lpc17xx_40xx.s

Default_Handler 0000001C

Symbol: Default_Handler
   Definitions
      At line 193 in file ..\\..\\..\\..\\examples\\lwip\\startup_code\\keil_st
artup_lpc17xx_40xx.s
   Uses
      None
Comment: Default_Handler unused
EINT0_IRQHandler 0000001C

Symbol: EINT0_IRQHandler
   Definitions
      At line 260 in file ..\\..\\..\\..\\examples\\lwip\\startup_code\\keil_st
artup_lpc17xx_40xx.s
   Uses
      At line 96 in file ..\\..\\..\\..\\examples\\lwip\\startup_code\\keil_sta
rtup_lpc17xx_40xx.s
      At line 213 in file ..\\..\\..\\..\\examples\\lwip\\startup_code\\keil_st
artup_lpc17xx_40xx.s

EINT1_IRQHandler 0000001C

Symbol: EINT1_IRQHandler
   Definitions



ARM Macro Assembler    Page 3 Alphabetic symbol ordering
Relocatable symbols

      At line 261 in file ..\\..\\..\\..\\examples\\lwip\\startup_code\\keil_st
artup_lpc17xx_40xx.s
   Uses
      At line 97 in file ..\\..\\..\\..\\examples\\lwip\\startup_code\\keil_sta
rtup_lpc17xx_40xx.s
      At line 214 in file ..\\..\\..\\..\\examples\\lwip\\startup_code\\keil_st
artup_lpc17xx_40xx.s

EINT2_IRQHandler 0000001C

Symbol: EINT2_IRQHandler
   Definitions
      At line 262 in file ..\\..\\..\\..\\examples\\lwip\\startup_code\\keil_st
artup_lpc17xx_40xx.s
   Uses
      At line 98 in file ..\\..\\..\\..\\examples\\lwip\\startup_code\\keil_sta
rtup_lpc17xx_40xx.s
      At line 215 in file ..\\..\\..\\..\\examples\\lwip\\startup_code\\keil_st
artup_lpc17xx_40xx.s

EINT3_IRQHandler 0000001C

Symbol: EINT3_IRQHandler
   Definitions
      At line 263 in file ..\\..\\..\\..\\examples\\lwip\\startup_code\\keil_st
artup_lpc17xx_40xx.s
   Uses
      At line 99 in file ..\\..\\..\\..\\examples\\lwip\\startup_code\\keil_sta
rtup_lpc17xx_40xx.s
      At line 216 in file ..\\..\\..\\..\\examples\\lwip\\startup_code\\keil_st
artup_lpc17xx_40xx.s

ETH_IRQHandler 0000001C

Symbol: ETH_IRQHandler
   Definitions
      At line 270 in file ..\\..\\..\\..\\examples\\lwip\\startup_code\\keil_st
artup_lpc17xx_40xx.s
   Uses
      At line 106 in file ..\\..\\..\\..\\examples\\lwip\\startup_code\\keil_st
artup_lpc17xx_40xx.s
      At line 223 in file ..\\..\\..\\..\\examples\\lwip\\startup_code\\keil_st
artup_lpc17xx_40xx.s

HardFault_Handler 0000000A

Symbol: HardFault_Handler
   Definitions
      At line 151 in file ..\\..\\..\\..\\examples\\lwip\\startup_code\\keil_st
artup_lpc17xx_40xx.s
   Uses
      At line 58 in file ..\\..\\..\\..\\examples\\lwip\\startup_code\\keil_sta
rtup_lpc17xx_40xx.s
      At line 153 in file ..\\..\\..\\..\\examples\\lwip\\startup_code\\keil_st
artup_lpc17xx_40xx.s

I2C0_IRQHandler 0000001C

Symbol: I2C0_IRQHandler



ARM Macro Assembler    Page 4 Alphabetic symbol ordering
Relocatable symbols

   Definitions
      At line 252 in file ..\\..\\..\\..\\examples\\lwip\\startup_code\\keil_st
artup_lpc17xx_40xx.s
   Uses
      At line 84 in file ..\\..\\..\\..\\examples\\lwip\\startup_code\\keil_sta
rtup_lpc17xx_40xx.s
      At line 205 in file ..\\..\\..\\..\\examples\\lwip\\startup_code\\keil_st
artup_lpc17xx_40xx.s

I2C1_IRQHandler 0000001C

Symbol: I2C1_IRQHandler
   Definitions
      At line 253 in file ..\\..\\..\\..\\examples\\lwip\\startup_code\\keil_st
artup_lpc17xx_40xx.s
   Uses
      At line 85 in file ..\\..\\..\\..\\examples\\lwip\\startup_code\\keil_sta
rtup_lpc17xx_40xx.s
      At line 206 in file ..\\..\\..\\..\\examples\\lwip\\startup_code\\keil_st
artup_lpc17xx_40xx.s

I2C2_IRQHandler 0000001C

Symbol: I2C2_IRQHandler
   Definitions
      At line 254 in file ..\\..\\..\\..\\examples\\lwip\\startup_code\\keil_st
artup_lpc17xx_40xx.s
   Uses
      At line 86 in file ..\\..\\..\\..\\examples\\lwip\\startup_code\\keil_sta
rtup_lpc17xx_40xx.s
      At line 207 in file ..\\..\\..\\..\\examples\\lwip\\startup_code\\keil_st
artup_lpc17xx_40xx.s

I2S_IRQHandler 0000001C

Symbol: I2S_IRQHandler
   Definitions
      At line 269 in file ..\\..\\..\\..\\examples\\lwip\\startup_code\\keil_st
artup_lpc17xx_40xx.s
   Uses
      At line 105 in file ..\\..\\..\\..\\examples\\lwip\\startup_code\\keil_st
artup_lpc17xx_40xx.s
      At line 222 in file ..\\..\\..\\..\\examples\\lwip\\startup_code\\keil_st
artup_lpc17xx_40xx.s

MCPWM_IRQHandler 0000001C

Symbol: MCPWM_IRQHandler
   Definitions
      At line 276 in file ..\\..\\..\\..\\examples\\lwip\\startup_code\\keil_st
artup_lpc17xx_40xx.s
   Uses
      At line 112 in file ..\\..\\..\\..\\examples\\lwip\\startup_code\\keil_st
artup_lpc17xx_40xx.s
      At line 229 in file ..\\..\\..\\..\\examples\\lwip\\startup_code\\keil_st
artup_lpc17xx_40xx.s

MemManage_Handler 0000000C




ARM Macro Assembler    Page 5 Alphabetic symbol ordering
Relocatable symbols

Symbol: MemManage_Handler
   Definitions
      At line 156 in file ..\\..\\..\\..\\examples\\lwip\\startup_code\\keil_st
artup_lpc17xx_40xx.s
   Uses
      At line 59 in file ..\\..\\..\\..\\examples\\lwip\\startup_code\\keil_sta
rtup_lpc17xx_40xx.s
      At line 158 in file ..\\..\\..\\..\\examples\\lwip\\startup_code\\keil_st
artup_lpc17xx_40xx.s

NMI_Handler 00000008

Symbol: NMI_Handler
   Definitions
      At line 147 in file ..\\..\\..\\..\\examples\\lwip\\startup_code\\keil_st
artup_lpc17xx_40xx.s
   Uses
      At line 57 in file ..\\..\\..\\..\\examples\\lwip\\startup_code\\keil_sta
rtup_lpc17xx_40xx.s
      At line 148 in file ..\\..\\..\\..\\examples\\lwip\\startup_code\\keil_st
artup_lpc17xx_40xx.s

PLL0_IRQHandler 0000001C

Symbol: PLL0_IRQHandler
   Definitions
      At line 258 in file ..\\..\\..\\..\\examples\\lwip\\startup_code\\keil_st
artup_lpc17xx_40xx.s
   Uses
      At line 94 in file ..\\..\\..\\..\\examples\\lwip\\startup_code\\keil_sta
rtup_lpc17xx_40xx.s
      At line 211 in file ..\\..\\..\\..\\examples\\lwip\\startup_code\\keil_st
artup_lpc17xx_40xx.s

PLL1_IRQHandler 0000001C

Symbol: PLL1_IRQHandler
   Definitions
      At line 278 in file ..\\..\\..\\..\\examples\\lwip\\startup_code\\keil_st
artup_lpc17xx_40xx.s
   Uses
      At line 114 in file ..\\..\\..\\..\\examples\\lwip\\startup_code\\keil_st
artup_lpc17xx_40xx.s
      At line 231 in file ..\\..\\..\\..\\examples\\lwip\\startup_code\\keil_st
artup_lpc17xx_40xx.s

PWM1_IRQHandler 0000001C

Symbol: PWM1_IRQHandler
   Definitions
      At line 251 in file ..\\..\\..\\..\\examples\\lwip\\startup_code\\keil_st
artup_lpc17xx_40xx.s
   Uses
      At line 83 in file ..\\..\\..\\..\\examples\\lwip\\startup_code\\keil_sta
rtup_lpc17xx_40xx.s
      At line 204 in file ..\\..\\..\\..\\examples\\lwip\\startup_code\\keil_st
artup_lpc17xx_40xx.s

PendSV_Handler 00000016



ARM Macro Assembler    Page 6 Alphabetic symbol ordering
Relocatable symbols


Symbol: PendSV_Handler
   Definitions
      At line 180 in file ..\\..\\..\\..\\examples\\lwip\\startup_code\\keil_st
artup_lpc17xx_40xx.s
   Uses
      At line 69 in file ..\\..\\..\\..\\examples\\lwip\\startup_code\\keil_sta
rtup_lpc17xx_40xx.s
      At line 181 in file ..\\..\\..\\..\\examples\\lwip\\startup_code\\keil_st
artup_lpc17xx_40xx.s

QEI_IRQHandler 0000001C

Symbol: QEI_IRQHandler
   Definitions
      At line 277 in file ..\\..\\..\\..\\examples\\lwip\\startup_code\\keil_st
artup_lpc17xx_40xx.s
   Uses
      At line 113 in file ..\\..\\..\\..\\examples\\lwip\\startup_code\\keil_st
artup_lpc17xx_40xx.s
      At line 230 in file ..\\..\\..\\..\\examples\\lwip\\startup_code\\keil_st
artup_lpc17xx_40xx.s

RIT_IRQHandler 0000001C

Symbol: RIT_IRQHandler
   Definitions
      At line 274 in file ..\\..\\..\\..\\examples\\lwip\\startup_code\\keil_st
artup_lpc17xx_40xx.s
   Uses
      At line 110 in file ..\\..\\..\\..\\examples\\lwip\\startup_code\\keil_st
artup_lpc17xx_40xx.s
      At line 227 in file ..\\..\\..\\..\\examples\\lwip\\startup_code\\keil_st
artup_lpc17xx_40xx.s

RTC_IRQHandler 0000001C

Symbol: RTC_IRQHandler
   Definitions
      At line 259 in file ..\\..\\..\\..\\examples\\lwip\\startup_code\\keil_st
artup_lpc17xx_40xx.s
   Uses
      At line 95 in file ..\\..\\..\\..\\examples\\lwip\\startup_code\\keil_sta
rtup_lpc17xx_40xx.s
      At line 212 in file ..\\..\\..\\..\\examples\\lwip\\startup_code\\keil_st
artup_lpc17xx_40xx.s

Reset_Handler 00000000

Symbol: Reset_Handler
   Definitions
      At line 135 in file ..\\..\\..\\..\\examples\\lwip\\startup_code\\keil_st
artup_lpc17xx_40xx.s
   Uses
      At line 56 in file ..\\..\\..\\..\\examples\\lwip\\startup_code\\keil_sta
rtup_lpc17xx_40xx.s
      At line 136 in file ..\\..\\..\\..\\examples\\lwip\\startup_code\\keil_st
artup_lpc17xx_40xx.s




ARM Macro Assembler    Page 7 Alphabetic symbol ordering
Relocatable symbols

SPI_IRQHandler 0000001C

Symbol: SPI_IRQHandler
   Definitions
      At line 255 in file ..\\..\\..\\..\\examples\\lwip\\startup_code\\keil_st
artup_lpc17xx_40xx.s
   Uses
      At line 90 in file ..\\..\\..\\..\\examples\\lwip\\startup_code\\keil_sta
rtup_lpc17xx_40xx.s
      At line 208 in file ..\\..\\..\\..\\examples\\lwip\\startup_code\\keil_st
artup_lpc17xx_40xx.s

SSP0_IRQHandler 0000001C

Symbol: SSP0_IRQHandler
   Definitions
      At line 256 in file ..\\..\\..\\..\\examples\\lwip\\startup_code\\keil_st
artup_lpc17xx_40xx.s
   Uses
      At line 92 in file ..\\..\\..\\..\\examples\\lwip\\startup_code\\keil_sta
rtup_lpc17xx_40xx.s
      At line 209 in file ..\\..\\..\\..\\examples\\lwip\\startup_code\\keil_st
artup_lpc17xx_40xx.s

SSP1_IRQHandler 0000001C

Symbol: SSP1_IRQHandler
   Definitions
      At line 257 in file ..\\..\\..\\..\\examples\\lwip\\startup_code\\keil_st
artup_lpc17xx_40xx.s
   Uses
      At line 93 in file ..\\..\\..\\..\\examples\\lwip\\startup_code\\keil_sta
rtup_lpc17xx_40xx.s
      At line 210 in file ..\\..\\..\\..\\examples\\lwip\\startup_code\\keil_st
artup_lpc17xx_40xx.s

SVC_Handler 00000012

Symbol: SVC_Handler
   Definitions
      At line 171 in file ..\\..\\..\\..\\examples\\lwip\\startup_code\\keil_st
artup_lpc17xx_40xx.s
   Uses
      At line 66 in file ..\\..\\..\\..\\examples\\lwip\\startup_code\\keil_sta
rtup_lpc17xx_40xx.s
      At line 172 in file ..\\..\\..\\..\\examples\\lwip\\startup_code\\keil_st
artup_lpc17xx_40xx.s

SysTick_Handler 00000018

Symbol: SysTick_Handler
   Definitions
      At line 184 in file ..\\..\\..\\..\\examples\\lwip\\startup_code\\keil_st
artup_lpc17xx_40xx.s
   Uses
      At line 70 in file ..\\..\\..\\..\\examples\\lwip\\startup_code\\keil_sta
rtup_lpc17xx_40xx.s
      At line 185 in file ..\\..\\..\\..\\examples\\lwip\\startup_code\\keil_st
artup_lpc17xx_40xx.s



ARM Macro Assembler    Page 8 Alphabetic symbol ordering
Relocatable symbols


TIMER0_IRQHandler 0000001C

Symbol: TIMER0_IRQHandler
   Definitions
      At line 243 in file ..\\..\\..\\..\\examples\\lwip\\startup_code\\keil_st
artup_lpc17xx_40xx.s
   Uses
      At line 75 in file ..\\..\\..\\..\\examples\\lwip\\startup_code\\keil_sta
rtup_lpc17xx_40xx.s
      At line 196 in file ..\\..\\..\\..\\examples\\lwip\\startup_code\\keil_st
artup_lpc17xx_40xx.s

TIMER1_IRQHandler 0000001C

Symbol: TIMER1_IRQHandler
   Definitions
      At line 244 in file ..\\..\\..\\..\\examples\\lwip\\startup_code\\keil_st
artup_lpc17xx_40xx.s
   Uses
      At line 76 in file ..\\..\\..\\..\\examples\\lwip\\startup_code\\keil_sta
rtup_lpc17xx_40xx.s
      At line 197 in file ..\\..\\..\\..\\examples\\lwip\\startup_code\\keil_st
artup_lpc17xx_40xx.s

TIMER2_IRQHandler 0000001C

Symbol: TIMER2_IRQHandler
   Definitions
      At line 245 in file ..\\..\\..\\..\\examples\\lwip\\startup_code\\keil_st
artup_lpc17xx_40xx.s
   Uses
      At line 77 in file ..\\..\\..\\..\\examples\\lwip\\startup_code\\keil_sta
rtup_lpc17xx_40xx.s
      At line 198 in file ..\\..\\..\\..\\examples\\lwip\\startup_code\\keil_st
artup_lpc17xx_40xx.s

TIMER3_IRQHandler 0000001C

Symbol: TIMER3_IRQHandler
   Definitions
      At line 246 in file ..\\..\\..\\..\\examples\\lwip\\startup_code\\keil_st
artup_lpc17xx_40xx.s
   Uses
      At line 78 in file ..\\..\\..\\..\\examples\\lwip\\startup_code\\keil_sta
rtup_lpc17xx_40xx.s
      At line 199 in file ..\\..\\..\\..\\examples\\lwip\\startup_code\\keil_st
artup_lpc17xx_40xx.s

UART0_IRQHandler 0000001C

Symbol: UART0_IRQHandler
   Definitions
      At line 247 in file ..\\..\\..\\..\\examples\\lwip\\startup_code\\keil_st
artup_lpc17xx_40xx.s
   Uses
      At line 79 in file ..\\..\\..\\..\\examples\\lwip\\startup_code\\keil_sta
rtup_lpc17xx_40xx.s
      At line 200 in file ..\\..\\..\\..\\examples\\lwip\\startup_code\\keil_st



ARM Macro Assembler    Page 9 Alphabetic symbol ordering
Relocatable symbols

artup_lpc17xx_40xx.s

UART1_IRQHandler 0000001C

Symbol: UART1_IRQHandler
   Definitions
      At line 248 in file ..\\..\\..\\..\\examples\\lwip\\startup_code\\keil_st
artup_lpc17xx_40xx.s
   Uses
      At line 80 in file ..\\..\\..\\..\\examples\\lwip\\startup_code\\keil_sta
rtup_lpc17xx_40xx.s
      At line 201 in file ..\\..\\..\\..\\examples\\lwip\\startup_code\\keil_st
artup_lpc17xx_40xx.s

UART2_IRQHandler 0000001C

Symbol: UART2_IRQHandler
   Definitions
      At line 249 in file ..\\..\\..\\..\\examples\\lwip\\startup_code\\keil_st
artup_lpc17xx_40xx.s
   Uses
      At line 81 in file ..\\..\\..\\..\\examples\\lwip\\startup_code\\keil_sta
rtup_lpc17xx_40xx.s
      At line 202 in file ..\\..\\..\\..\\examples\\lwip\\startup_code\\keil_st
artup_lpc17xx_40xx.s

UART3_IRQHandler 0000001C

Symbol: UART3_IRQHandler
   Definitions
      At line 250 in file ..\\..\\..\\..\\examples\\lwip\\startup_code\\keil_st
artup_lpc17xx_40xx.s
   Uses
      At line 82 in file ..\\..\\..\\..\\examples\\lwip\\startup_code\\keil_sta
rtup_lpc17xx_40xx.s
      At line 203 in file ..\\..\\..\\..\\examples\\lwip\\startup_code\\keil_st
artup_lpc17xx_40xx.s

USBActivity_IRQHandler 0000001C

Symbol: USBActivity_IRQHandler
   Definitions
      At line 279 in file ..\\..\\..\\..\\examples\\lwip\\startup_code\\keil_st
artup_lpc17xx_40xx.s
   Uses
      At line 115 in file ..\\..\\..\\..\\examples\\lwip\\startup_code\\keil_st
artup_lpc17xx_40xx.s
      At line 232 in file ..\\..\\..\\..\\examples\\lwip\\startup_code\\keil_st
artup_lpc17xx_40xx.s

USB_IRQHandler 0000001C

Symbol: USB_IRQHandler
   Definitions
      At line 266 in file ..\\..\\..\\..\\examples\\lwip\\startup_code\\keil_st
artup_lpc17xx_40xx.s
   Uses
      At line 102 in file ..\\..\\..\\..\\examples\\lwip\\startup_code\\keil_st
artup_lpc17xx_40xx.s



ARM Macro Assembler    Page 10 Alphabetic symbol ordering
Relocatable symbols

      At line 219 in file ..\\..\\..\\..\\examples\\lwip\\startup_code\\keil_st
artup_lpc17xx_40xx.s

UnHandled_Vector 0000001A

Symbol: UnHandled_Vector
   Definitions
      At line 188 in file ..\\..\\..\\..\\examples\\lwip\\startup_code\\keil_st
artup_lpc17xx_40xx.s
   Uses
      At line 63 in file ..\\..\\..\\..\\examples\\lwip\\startup_code\\keil_sta
rtup_lpc17xx_40xx.s
      At line 64 in file ..\\..\\..\\..\\examples\\lwip\\startup_code\\keil_sta
rtup_lpc17xx_40xx.s
      At line 65 in file ..\\..\\..\\..\\examples\\lwip\\startup_code\\keil_sta
rtup_lpc17xx_40xx.s
      At line 68 in file ..\\..\\..\\..\\examples\\lwip\\startup_code\\keil_sta
rtup_lpc17xx_40xx.s
      At line 189 in file ..\\..\\..\\..\\examples\\lwip\\startup_code\\keil_st
artup_lpc17xx_40xx.s

UsageFault_Handler 00000010

Symbol: UsageFault_Handler
   Definitions
      At line 166 in file ..\\..\\..\\..\\examples\\lwip\\startup_code\\keil_st
artup_lpc17xx_40xx.s
   Uses
      At line 61 in file ..\\..\\..\\..\\examples\\lwip\\startup_code\\keil_sta
rtup_lpc17xx_40xx.s
      At line 168 in file ..\\..\\..\\..\\examples\\lwip\\startup_code\\keil_st
artup_lpc17xx_40xx.s

WDT_IRQHandler 0000001C

Symbol: WDT_IRQHandler
   Definitions
      At line 242 in file ..\\..\\..\\..\\examples\\lwip\\startup_code\\keil_st
artup_lpc17xx_40xx.s
   Uses
      At line 74 in file ..\\..\\..\\..\\examples\\lwip\\startup_code\\keil_sta
rtup_lpc17xx_40xx.s
      At line 195 in file ..\\..\\..\\..\\examples\\lwip\\startup_code\\keil_st
artup_lpc17xx_40xx.s

__user_initial_stackheap 00000020

Symbol: __user_initial_stackheap
   Definitions
      At line 308 in file ..\\..\\..\\..\\examples\\lwip\\startup_code\\keil_st
artup_lpc17xx_40xx.s
   Uses
      At line 307 in file ..\\..\\..\\..\\examples\\lwip\\startup_code\\keil_st
artup_lpc17xx_40xx.s
Comment: __user_initial_stackheap used once
49 symbols



ARM Macro Assembler    Page 1 Alphabetic symbol ordering
Absolute symbols

Heap_Size 00006000

Symbol: Heap_Size
   Definitions
      At line 38 in file ..\\..\\..\\..\\examples\\lwip\\startup_code\\keil_sta
rtup_lpc17xx_40xx.s
   Uses
      At line 42 in file ..\\..\\..\\..\\examples\\lwip\\startup_code\\keil_sta
rtup_lpc17xx_40xx.s
      At line 312 in file ..\\..\\..\\..\\examples\\lwip\\startup_code\\keil_st
artup_lpc17xx_40xx.s

Sign_Value 5A5A5A5A

Symbol: Sign_Value
   Definitions
      At line 53 in file ..\\..\\..\\..\\examples\\lwip\\startup_code\\keil_sta
rtup_lpc17xx_40xx.s
   Uses
      At line 62 in file ..\\..\\..\\..\\examples\\lwip\\startup_code\\keil_sta
rtup_lpc17xx_40xx.s
Comment: Sign_Value used once
Stack_Size 00001000

Symbol: Stack_Size
   Definitions
      At line 28 in file ..\\..\\..\\..\\examples\\lwip\\startup_code\\keil_sta
rtup_lpc17xx_40xx.s
   Uses
      At line 31 in file ..\\..\\..\\..\\examples\\lwip\\startup_code\\keil_sta
rtup_lpc17xx_40xx.s
      At line 311 in file ..\\..\\..\\..\\examples\\lwip\\startup_code\\keil_st
artup_lpc17xx_40xx.s

3 symbols



ARM Macro Assembler    Page 1 Alphabetic symbol ordering
External symbols

SystemInit 00000000

Symbol: SystemInit
   Definitions
      At line 138 in file ..\\..\\..\\..\\examples\\lwip\\startup_code\\keil_st
artup_lpc17xx_40xx.s
   Uses
      At line 139 in file ..\\..\\..\\..\\examples\\lwip\\startup_code\\keil_st
artup_lpc17xx_40xx.s
Comment: SystemInit used once
__main 00000000

Symbol: __main
   Definitions
      At line 137 in file ..\\..\\..\\..\\examples\\lwip\\startup_code\\keil_st
artup_lpc17xx_40xx.s
   Uses
      At line 141 in file ..\\..\\..\\..\\examples\\lwip\\startup_code\\keil_st
artup_lpc17xx_40xx.s
Comment: __main used once
__use_two_region_memory 00000000

Symbol: __use_two_region_memory
   Definitions
      At line 306 in file ..\\..\\..\\..\\examples\\lwip\\startup_code\\keil_st
artup_lpc17xx_40xx.s
   Uses
      None
Comment: __use_two_region_memory unused
3 symbols
400 symbols in table
